14:33:06 **** Incremental Build of configuration Debug for project 401_nrf_2 ****
Info: Internal Builder is used for build
arm-atollic-eabi-gcc -c -mthumb -mcpu=cortex-m4 -mfloat-abi=hard -mfpu=fpv4-sp-d16 -std=gnu11 -DUSE_HAL_DRIVER -DSTM32F401xE -I../Inc -I../Drivers/STM32F4xx_HAL_Driver/Inc -I../Drivers/STM32F4xx_HAL_Driver/Inc/Legacy -I../Drivers/CMSIS/Device/ST/STM32F4xx/Include -I../Drivers/CMSIS/Include -Os -ffunction-sections -fdata-sections -g -fstack-usage -Wall -specs=nano.specs -o Src\main.o ..\Src\main.c 
..\Src\main.c: In function 'HAL_GPIO_EXTI_Callback':
..\Src\main.c:332:6: warning: implicit declaration of function 'sprintf' [-Wimplicit-function-declaration]
      sprintf(buffer,"IRQ triggired\n\r");
      ^~~~~~~
..\Src\main.c:332:6: warning: incompatible implicit declaration of built-in function 'sprintf'
..\Src\main.c:332:6: note: include '<stdio.h>' or provide a declaration of 'sprintf'
..\Src\main.c:332:14: warning: pointer targets in passing argument 1 of 'sprintf' differ in signedness [-Wpointer-sign]
      sprintf(buffer,"IRQ triggired\n\r");
              ^~~~~~
..\Src\main.c:332:14: note: expected 'char *' but argument is of type 'uint8_t * {aka unsigned char *}'
..\Src\main.c:333:39: warning: implicit declaration of function 'strlen' [-Wimplicit-function-declaration]
      HAL_UART_Transmit(&huart2,buffer,strlen(buffer),1000);
                                       ^~~~~~
..\Src\main.c:333:39: warning: incompatible implicit declaration of built-in function 'strlen'
..\Src\main.c:333:39: note: include '<string.h>' or provide a declaration of 'strlen'
..\Src\main.c:333:46: warning: pointer targets in passing argument 1 of 'strlen' differ in signedness [-Wpointer-sign]
      HAL_UART_Transmit(&huart2,buffer,strlen(buffer),1000);
                                              ^~~~~~
..\Src\main.c:333:46: note: expected 'const char *' but argument is of type 'uint8_t * {aka unsigned char *}'
At top level:
..\Src\main.c:29:13: warning: 'error' defined but not used [-Wunused-function]
 static void error() {
             ^~~~~
arm-atollic-eabi-gcc -o 401_nrf_2.elf Drivers\STM32F4xx_HAL_Driver\Src\stm32f4xx_hal.o Drivers\STM32F4xx_HAL_Driver\Src\stm32f4xx_hal_cortex.o Drivers\STM32F4xx_HAL_Driver\Src\stm32f4xx_hal_dma.o Drivers\STM32F4xx_HAL_Driver\Src\stm32f4xx_hal_dma_ex.o Drivers\STM32F4xx_HAL_Driver\Src\stm32f4xx_hal_exti.o Drivers\STM32F4xx_HAL_Driver\Src\stm32f4xx_hal_flash.o Drivers\STM32F4xx_HAL_Driver\Src\stm32f4xx_hal_flash_ex.o Drivers\STM32F4xx_HAL_Driver\Src\stm32f4xx_hal_flash_ramfunc.o Drivers\STM32F4xx_HAL_Driver\Src\stm32f4xx_hal_gpio.o Drivers\STM32F4xx_HAL_Driver\Src\stm32f4xx_hal_pwr.o Drivers\STM32F4xx_HAL_Driver\Src\stm32f4xx_hal_pwr_ex.o Drivers\STM32F4xx_HAL_Driver\Src\stm32f4xx_hal_rcc.o Drivers\STM32F4xx_HAL_Driver\Src\stm32f4xx_hal_rcc_ex.o Drivers\STM32F4xx_HAL_Driver\Src\stm32f4xx_hal_spi.o Drivers\STM32F4xx_HAL_Driver\Src\stm32f4xx_hal_tim.o Drivers\STM32F4xx_HAL_Driver\Src\stm32f4xx_hal_tim_ex.o Drivers\STM32F4xx_HAL_Driver\Src\stm32f4xx_hal_uart.o Src\main.o Src\nrf24l01.o Src\stm32f4xx_hal_msp.o Src\stm32f4xx_it.o Src\syscalls.o Src\system_stm32f4xx.o startup\startup_stm32f401xe.o -mthumb -mcpu=cortex-m4 -mfloat-abi=hard -mfpu=fpv4-sp-d16 -T../Debug_STM32F401RE_FLASH.ld -specs=nosys.specs -static -Wl,-Map=401_nrf_2.map -Wl,--gc-sections -Wl,--defsym=malloc_getpagesize_P=0x80 -Wl,--start-group -lc -lm -Wl,--end-group -specs=nano.specs 
C:\Program Files (x86)\Atollic\TrueSTUDIO for STM32 9.3.0\ide\jre\bin\java -jar C:\Program Files (x86)\Atollic\TrueSTUDIO for STM32 9.3.0\Tools\arm-atollic-reports.jar sizeinfo list 401_nrf_2.elf 
Generate build reports...
Print size information
   text	   data	    bss	    dec	    hex	filename
   8312	     20	   2268	  10600	   2968	401_nrf_2.elf
Print size information done
Generate listing file
Output sent to: 401_nrf_2.list
Generate listing file done
Generate build reports done
arm-atollic-eabi-objcopy.exe -O ihex 401_nrf_2.elf 401_nrf_2.hex 

14:33:07 Build Finished (took 792ms)

