00:32:08 **** Incremental Build of configuration Debug for project dht11-rtos-401 ****
Info: Internal Builder is used for build
arm-atollic-eabi-gcc -c -mthumb -mcpu=cortex-m4 -mfloat-abi=hard -mfpu=fpv4-sp-d16 -std=gnu11 -DUSE_HAL_DRIVER -DSTM32F401xE -I../Inc -I../Drivers/STM32F4xx_HAL_Driver/Inc -I../Drivers/STM32F4xx_HAL_Driver/Inc/Legacy -I../Middlewares/Third_Party/FreeRTOS/Source/include -I../Middlewares/Third_Party/FreeRTOS/Source/CMSIS_RTOS -I../Middlewares/Third_Party/FreeRTOS/Source/portable/GCC/ARM_CM4F -I../Drivers/CMSIS/Device/ST/STM32F4xx/Include -I../Drivers/CMSIS/Include -Os -ffunction-sections -fdata-sections -g -fstack-usage -Wall -specs=nano.specs -o Src\main.o ..\Src\main.c 
..\Src\main.c: In function 'DHT11_Start':
..\Src\main.c:102:2: warning: implicit declaration of function 'delay' [-Wimplicit-function-declaration]
  delay (18000);   // wait for 18ms
  ^~~~~
..\Src\main.c: At top level:
..\Src\main.c:139:6: warning: conflicting types for 'delay'
 void delay (uint16_t time)
      ^~~~~
..\Src\main.c:102:2: note: previous implicit declaration of 'delay' was here
  delay (18000);   // wait for 18ms
  ^~~~~
..\Src\main.c: In function 'main':
..\Src\main.c:180:3: warning: implicit declaration of function 'sprintf' [-Wimplicit-function-declaration]
   sprintf(buffer,"hello world\n\r");
   ^~~~~~~
..\Src\main.c:180:3: warning: incompatible implicit declaration of built-in function 'sprintf'
..\Src\main.c:180:3: note: include '<stdio.h>' or provide a declaration of 'sprintf'
..\Src\main.c:181:36: warning: implicit declaration of function 'strlen' [-Wimplicit-function-declaration]
   HAL_UART_Transmit(&huart2,buffer,strlen(buffer),1000);
                                    ^~~~~~
..\Src\main.c:181:36: warning: incompatible implicit declaration of built-in function 'strlen'
..\Src\main.c:181:36: note: include '<string.h>' or provide a declaration of 'strlen'
..\Src\main.c:181:29: warning: pointer targets in passing argument 2 of 'HAL_UART_Transmit' differ in signedness [-Wpointer-sign]
   HAL_UART_Transmit(&huart2,buffer,strlen(buffer),1000);
                             ^~~~~~
In file included from ../Inc/stm32f4xx_hal_conf.h:364:0,
                 from ../Drivers/STM32F4xx_HAL_Driver/Inc/stm32f4xx_hal.h:30,
                 from ../Inc/main.h:31,
                 from ..\Src\main.c:22:
../Drivers/STM32F4xx_HAL_Driver/Inc/stm32f4xx_hal_uart.h:696:19: note: expected 'uint8_t * {aka unsigned char *}' but argument is of type 'char *'
 HAL_StatusTypeDef HAL_UART_Transmit(UART_HandleTypeDef *huart, uint8_t *pData, uint16_t Size, uint32_t Timeout);
                   ^~~~~~~~~~~~~~~~~
..\Src\main.c: In function 'StartTask02':
..\Src\main.c:422:3: warning: incompatible implicit declaration of built-in function 'sprintf'
   sprintf(buffer,"hello world\n\r");
   ^~~~~~~
..\Src\main.c:422:3: note: include '<stdio.h>' or provide a declaration of 'sprintf'
..\Src\main.c:423:36: warning: incompatible implicit declaration of built-in function 'strlen'
   HAL_UART_Transmit(&huart2,buffer,strlen(buffer),1000);
                                    ^~~~~~
..\Src\main.c:423:36: note: include '<string.h>' or provide a declaration of 'strlen'
..\Src\main.c:423:29: warning: pointer targets in passing argument 2 of 'HAL_UART_Transmit' differ in signedness [-Wpointer-sign]
   HAL_UART_Transmit(&huart2,buffer,strlen(buffer),1000);
                             ^~~~~~
In file included from ../Inc/stm32f4xx_hal_conf.h:364:0,
                 from ../Drivers/STM32F4xx_HAL_Driver/Inc/stm32f4xx_hal.h:30,
                 from ../Inc/main.h:31,
                 from ..\Src\main.c:22:
../Drivers/STM32F4xx_HAL_Driver/Inc/stm32f4xx_hal_uart.h:696:19: note: expected 'uint8_t * {aka unsigned char *}' but argument is of type 'char *'
 HAL_StatusTypeDef HAL_UART_Transmit(UART_HandleTypeDef *huart, uint8_t *pData, uint16_t Size, uint32_t Timeout);
                   ^~~~~~~~~~~~~~~~~
..\Src\main.c:440:30: warning: pointer targets in passing argument 2 of 'HAL_UART_Transmit' differ in signedness [-Wpointer-sign]
    HAL_UART_Transmit(&huart2,buffer,strlen(buffer),1000);
                              ^~~~~~
In file included from ../Inc/stm32f4xx_hal_conf.h:364:0,
                 from ../Drivers/STM32F4xx_HAL_Driver/Inc/stm32f4xx_hal.h:30,
                 from ../Inc/main.h:31,
                 from ..\Src\main.c:22:
../Drivers/STM32F4xx_HAL_Driver/Inc/stm32f4xx_hal_uart.h:696:19: note: expected 'uint8_t * {aka unsigned char *}' but argument is of type 'char *'
 HAL_StatusTypeDef HAL_UART_Transmit(UART_HandleTypeDef *huart, uint8_t *pData, uint16_t Size, uint32_t Timeout);
                   ^~~~~~~~~~~~~~~~~
..\Src\main.c: In function 'DHT11_Read':
..\Src\main.c:132:5: warning: 'i' may be used uninitialized in this function [-Wmaybe-uninitialized]
    i&= ~(1<<(7-j));   // write 0
     ^~
arm-atollic-eabi-gcc -o dht11-rtos-401.elf Drivers\STM32F4xx_HAL_Driver\Src\stm32f4xx_hal.o Drivers\STM32F4xx_HAL_Driver\Src\stm32f4xx_hal_cortex.o Drivers\STM32F4xx_HAL_Driver\Src\stm32f4xx_hal_dma.o Drivers\STM32F4xx_HAL_Driver\Src\stm32f4xx_hal_dma_ex.o Drivers\STM32F4xx_HAL_Driver\Src\stm32f4xx_hal_exti.o Drivers\STM32F4xx_HAL_Driver\Src\stm32f4xx_hal_flash.o Drivers\STM32F4xx_HAL_Driver\Src\stm32f4xx_hal_flash_ex.o Drivers\STM32F4xx_HAL_Driver\Src\stm32f4xx_hal_flash_ramfunc.o Drivers\STM32F4xx_HAL_Driver\Src\stm32f4xx_hal_gpio.o Drivers\STM32F4xx_HAL_Driver\Src\stm32f4xx_hal_pwr.o Drivers\STM32F4xx_HAL_Driver\Src\stm32f4xx_hal_pwr_ex.o Drivers\STM32F4xx_HAL_Driver\Src\stm32f4xx_hal_rcc.o Drivers\STM32F4xx_HAL_Driver\Src\stm32f4xx_hal_rcc_ex.o Drivers\STM32F4xx_HAL_Driver\Src\stm32f4xx_hal_tim.o Drivers\STM32F4xx_HAL_Driver\Src\stm32f4xx_hal_tim_ex.o Drivers\STM32F4xx_HAL_Driver\Src\stm32f4xx_hal_uart.o Middlewares\Third_Party\FreeRTOS\Source\CMSIS_RTOS\cmsis_os.o Middlewares\Third_Party\FreeRTOS\Source\croutine.o Middlewares\Third_Party\FreeRTOS\Source\event_groups.o Middlewares\Third_Party\FreeRTOS\Source\list.o Middlewares\Third_Party\FreeRTOS\Source\portable\GCC\ARM_CM4F\port.o Middlewares\Third_Party\FreeRTOS\Source\portable\MemMang\heap_4.o Middlewares\Third_Party\FreeRTOS\Source\queue.o Middlewares\Third_Party\FreeRTOS\Source\stream_buffer.o Middlewares\Third_Party\FreeRTOS\Source\tasks.o Middlewares\Third_Party\FreeRTOS\Source\timers.o Src\freertos.o Src\main.o Src\stm32f4xx_hal_msp.o Src\stm32f4xx_hal_timebase_tim.o Src\stm32f4xx_it.o Src\syscalls.o Src\system_stm32f4xx.o startup\startup_stm32f401xe.o -mthumb -mcpu=cortex-m4 -mfloat-abi=hard -mfpu=fpv4-sp-d16 -T../Debug_STM32F401RE_FLASH.ld -specs=nosys.specs -static -Wl,-Map=dht11-rtos-401.map -Wl,--gc-sections -Wl,--defsym=malloc_getpagesize_P=0x80 -Wl,--start-group -lc -lm -Wl,--end-group -specs=nano.specs 
C:\Program Files (x86)\Atollic\TrueSTUDIO for STM32 9.3.0\ide\jre\bin\java -jar C:\Program Files (x86)\Atollic\TrueSTUDIO for STM32 9.3.0\Tools\arm-atollic-reports.jar sizeinfo list dht11-rtos-401.elf 
Generate build reports...
Print size information
   text	   data	    bss	    dec	    hex	filename
  12484	    124	  17576	  30184	   75e8	dht11-rtos-401.elf
Print size information done
Generate listing file
Output sent to: dht11-rtos-401.list
Generate listing file done
Generate build reports done
arm-atollic-eabi-objcopy.exe -O ihex dht11-rtos-401.elf dht11-rtos-401.hex 

00:32:09 Build Finished (took 961ms)

